2025-10-08 23:19:55 | ERROR    | __main__:start_scheduled_crawler:109 - Scheduled crawler error: module 'pytz' has no attribute 'timedelta'
2025-10-08 23:24:55 | ERROR    | __main__:start_scheduled_crawler:109 - Scheduled crawler error: module 'pytz' has no attribute 'timedelta'
2025-10-08 23:29:55 | ERROR    | __main__:start_scheduled_crawler:109 - Scheduled crawler error: module 'pytz' has no attribute 'timedelta'
2025-10-08 23:34:55 | ERROR    | __main__:start_scheduled_crawler:109 - Scheduled crawler error: module 'pytz' has no attribute 'timedelta'
2025-10-08 23:39:55 | ERROR    | __main__:start_scheduled_crawler:109 - Scheduled crawler error: module 'pytz' has no attribute 'timedelta'
2025-10-08 23:44:55 | ERROR    | __main__:start_scheduled_crawler:109 - Scheduled crawler error: module 'pytz' has no attribute 'timedelta'
2025-10-08 23:49:55 | ERROR    | __main__:start_scheduled_crawler:109 - Scheduled crawler error: module 'pytz' has no attribute 'timedelta'
2025-10-08 23:54:55 | ERROR    | __main__:start_scheduled_crawler:109 - Scheduled crawler error: module 'pytz' has no attribute 'timedelta'
2025-10-08 23:59:55 | ERROR    | __main__:start_scheduled_crawler:109 - Scheduled crawler error: module 'pytz' has no attribute 'timedelta'
2025-10-09 00:04:55 | INFO     | __main__:start_scheduled_crawler:90 - Next crawl scheduled at 2025-10-09 08:00:00 Taiwan time (in 7.9 hours)
2025-10-09 08:00:00 | INFO     | __main__:start_scheduled_crawler:99 - Starting scheduled crawl...
2025-10-09 08:00:00 | INFO     | ptt_crawler:crawl_board_articles:319 - Starting to crawl Stock board articles for authors: ['mrp']
2025-10-09 08:00:00 | INFO     | ptt_crawler:_setup_board_access:96 - Setting up access for Stock board
2025-10-09 08:00:00 | INFO     | ptt_crawler:_setup_board_access:106 - No 18+ verification needed
2025-10-09 08:00:00 | INFO     | ptt_crawler:crawl_board_articles:333 - Fetching page 0 for Stock board
2025-10-09 08:00:04 | INFO     | ptt_crawler:_parse_article_list:208 - Found article: [情報] 1008 違約交割... by leafff
2025-10-09 08:00:04 | INFO     | ptt_crawler:_parse_article_list:208 - Found article: Re: [請益] 甲骨文後面的獲利 真的如黃仁勳所說嗎？... by junior020486
2025-10-09 08:00:04 | INFO     | ptt_crawler:_parse_article_list:208 - Found article: [情報] 114年10月08日信用交易統計... by steward135
2025-10-09 08:00:04 | INFO     | ptt_crawler:_parse_article_list:208 - Found article: [新聞] 高盛力挺科技股：喊「泡沫」還太早！本... by humbler
2025-10-09 08:00:04 | INFO     | ptt_crawler:_parse_article_list:208 - Found article: Re: [標的] Q4持股計畫 LEU/RKLB/KRMN/DKNG... by mrp
2025-10-09 08:00:04 | INFO     | ptt_crawler:_parse_article_list:208 - Found article: [情報] 1008 上市櫃外資投信買超金額排行... by steveisaman
2025-10-09 08:00:04 | INFO     | ptt_crawler:_parse_article_list:208 - Found article: [情報] 1008 上市櫃股票週轉率排行... by steveisaman
2025-10-09 08:00:04 | INFO     | ptt_crawler:_parse_article_list:208 - Found article: [討論] 總部是不是最可能變南港？... by gn01325260
2025-10-09 08:00:04 | INFO     | ptt_crawler:_parse_article_list:208 - Found article: [新聞] 光寶科9月營收154億元年增30%今年次高... by motan
2025-10-09 08:00:04 | INFO     | ptt_crawler:_parse_article_list:208 - Found article: [新聞] 中國股市上漲未帶動財富效應 黃金週連假... by Su22
2025-10-09 08:00:04 | INFO     | ptt_crawler:_parse_article_list:208 - Found article: [新聞] 人均GDP破4萬美元！台灣經濟成長背後的... by icedog122
2025-10-09 08:00:04 | INFO     | ptt_crawler:_parse_article_list:208 - Found article: [新聞] 空軍T-34初教機汰換案復活　自製或外購意... by cjol
2025-10-09 08:00:04 | INFO     | ptt_crawler:_parse_article_list:208 - Found article: [情報] 8091 翔名 114年9月營收2E... by d2623
2025-10-09 08:00:04 | INFO     | ptt_crawler:_parse_article_list:208 - Found article: [心得] 這次魚尾會有多大根？... by eaurouge7
2025-10-09 08:00:04 | INFO     | ptt_crawler:_parse_article_list:208 - Found article: Re: [情報] 8091 翔名 114年9月營收2E... by logate
2025-10-09 08:00:04 | INFO     | ptt_crawler:_parse_article_list:208 - Found article: Re: [討論] 總部是不是最可能變南港？... by Pixma258
2025-10-09 08:00:04 | INFO     | ptt_crawler:_parse_article_list:208 - Found article: [新聞] 9月CPI年增1.25％、4年半新低 10月漲電價... by keel90135
2025-10-09 08:00:04 | INFO     | ptt_crawler:_parse_article_list:208 - Found article: [情報] 7751 竑騰 9月營收再創新高... by kobekid
2025-10-09 08:00:04 | INFO     | ptt_crawler:_parse_article_list:208 - Found article: [新聞] 輝達台灣總部　民生社區松南營區呼聲高... by ohfly
2025-10-09 08:00:04 | INFO     | ptt_crawler:_parse_article_list:208 - Found article: Re: [新聞] 輝達台灣總部　民生社區松南營區呼聲高... by WANGCHIEN
2025-10-09 08:00:04 | INFO     | ptt_crawler:_parse_article_list:208 - Found article: [公告] 股票板板規 v4.7 (2024/10/06 修正)... by rayccccc
2025-10-09 08:00:04 | INFO     | ptt_crawler:_parse_article_list:208 - Found article: [公告] 4-6-1罰則將在明天起加重至30天到年底... by Paul1021
2025-10-09 08:00:04 | INFO     | ptt_crawler:_parse_article_list:208 - Found article: [閒聊] 2025/10/08 盤後閒聊... by laptic
2025-10-09 08:00:04 | INFO     | ptt_crawler:_parse_article_list:226 - Parsed 1 articles for target authors
2025-10-09 08:00:04 | INFO     | ptt_crawler:crawl_board_articles:355 - Processing article: Re: [標的] Q4持股計畫 LEU/RKLB/KRMN/DKNG...
2025-10-09 08:00:13 | INFO     | ptt_crawler:crawl_board_articles:333 - Fetching page 1 for Stock board
2025-10-09 08:00:16 | INFO     | ptt_crawler:_parse_article_list:208 - Found article: [公告] 營業業務專區&相關文章規定... by ddk
2025-10-09 08:00:16 | INFO     | ptt_crawler:_parse_article_list:208 - Found article: [公告] 台大校友團隊招生相關討論... by eyespot
2025-10-09 08:00:16 | INFO     | ptt_crawler:_parse_article_list:208 - Found article: [公告] 標題種類... by ddk
2025-10-09 08:00:16 | INFO     | ptt_crawler:_parse_article_list:208 - Found article: [公告] 標題種類及分類... by ddk
2025-10-09 08:00:16 | INFO     | ptt_crawler:_parse_article_list:208 - Found article: [公告] 被砍除之文章... by ddk
2025-10-09 08:00:16 | INFO     | ptt_crawler:_parse_article_list:208 - Found article: Re: 為什麼用標的被砍 用閒聊又被砍???... by eyespot
2025-10-09 08:00:16 | INFO     | ptt_crawler:_parse_article_list:208 - Found article: [公告] 發文限制... by eyespot
2025-10-09 08:00:16 | INFO     | ptt_crawler:_parse_article_list:208 - Found article: [公告] 精華區更新 (20070417 修正版)... by ddk
2025-10-09 08:00:16 | INFO     | ptt_crawler:_parse_article_list:208 - Found article: [公告] 盤中閒聊 - 已收入精華區... by ddk
2025-10-09 08:00:16 | INFO     | ptt_crawler:_parse_article_list:208 - Found article: [公告] 上面數篇標題... by ddk
2025-10-09 08:00:16 | INFO     | ptt_crawler:_parse_article_list:208 - Found article: Re: [閒聊] 賭盤閒聊~... by ddk
2025-10-09 08:00:16 | INFO     | ptt_crawler:_parse_article_list:208 - Found article: [公告] 有關賭盤... by ddk
2025-10-09 08:00:16 | INFO     | ptt_crawler:_parse_article_list:208 - Found article: Re: [請益] 如何克服追高殺低心理... by simpleisbest
2025-10-09 08:00:16 | INFO     | ptt_crawler:_parse_article_list:208 - Found article: [標的] 個股財務面分析中鴻2014... by IanLi
2025-10-09 08:00:16 | INFO     | ptt_crawler:_parse_article_list:208 - Found article: [公告] 一行文... by ddk
2025-10-09 08:00:16 | INFO     | ptt_crawler:_parse_article_list:208 - Found article: [公告] 看版文章... by ddk
2025-10-09 08:00:16 | INFO     | ptt_crawler:_parse_article_list:208 - Found article: Re: [請益] 當沖、融資、卷... by coconing
2025-10-09 08:00:16 | INFO     | ptt_crawler:_parse_article_list:208 - Found article: Re:[其他] 除息... by coconing
2025-10-09 08:00:16 | INFO     | ptt_crawler:_parse_article_list:208 - Found article: [公告] 有關廣告文... by ddk
2025-10-09 08:00:16 | INFO     | ptt_crawler:_parse_article_list:208 - Found article: Re: [請益] 整體維持率如何計算？... by coconing
2025-10-09 08:00:16 | INFO     | ptt_crawler:_parse_article_list:226 - Parsed 0 articles for target authors
2025-10-09 08:00:16 | INFO     | ptt_crawler:crawl_board_articles:343 - No more articles found for Stock board on page 1
2025-10-09 08:00:16 | INFO     | ptt_crawler:crawl_board_articles:380 - Found 1 articles for target authors
2025-10-09 08:00:16 | INFO     | data_processor:save_articles:61 - Saved 1 new articles
2025-10-09 08:00:16 | INFO     | __main__:start_scheduled_crawler:101 - Scheduled crawl completed: {'status': 'success', 'articles_found': 1, 'articles_saved': 1, 'duration_seconds': 16, 'errors': []}
2025-10-09 08:00:16 | INFO     | data_processor:classify_article:189 - Classifying article: Re: [標的] Q4持股計畫 LEU/RKLB/KRMN/DKNG...
2025-10-09 08:00:16 | ERROR    | __main__:start_scheduled_crawler:109 - Scheduled crawler error: 'LLMClassifier' object has no attribute 'db'
2025-10-09 08:05:16 | ERROR    | __main__:start_scheduled_crawler:109 - Scheduled crawler error: module 'pytz' has no attribute 'timedelta'
2025-10-09 08:10:16 | ERROR    | __main__:start_scheduled_crawler:109 - Scheduled crawler error: module 'pytz' has no attribute 'timedelta'
2025-10-09 08:15:16 | ERROR    | __main__:start_scheduled_crawler:109 - Scheduled crawler error: module 'pytz' has no attribute 'timedelta'
2025-10-09 08:20:16 | ERROR    | __main__:start_scheduled_crawler:109 - Scheduled crawler error: module 'pytz' has no attribute 'timedelta'
2025-10-09 08:25:16 | ERROR    | __main__:start_scheduled_crawler:109 - Scheduled crawler error: module 'pytz' has no attribute 'timedelta'
2025-10-09 08:30:16 | ERROR    | __main__:start_scheduled_crawler:109 - Scheduled crawler error: module 'pytz' has no attribute 'timedelta'
2025-10-09 08:35:16 | ERROR    | __main__:start_scheduled_crawler:109 - Scheduled crawler error: module 'pytz' has no attribute 'timedelta'
2025-10-09 08:40:16 | ERROR    | __main__:start_scheduled_crawler:109 - Scheduled crawler error: module 'pytz' has no attribute 'timedelta'
2025-10-09 08:45:16 | ERROR    | __main__:start_scheduled_crawler:109 - Scheduled crawler error: module 'pytz' has no attribute 'timedelta'
2025-10-09 08:50:16 | ERROR    | __main__:start_scheduled_crawler:109 - Scheduled crawler error: module 'pytz' has no attribute 'timedelta'
2025-10-09 08:55:16 | ERROR    | __main__:start_scheduled_crawler:109 - Scheduled crawler error: module 'pytz' has no attribute 'timedelta'
2025-10-09 09:00:16 | ERROR    | __main__:start_scheduled_crawler:109 - Scheduled crawler error: module 'pytz' has no attribute 'timedelta'
2025-10-09 09:05:16 | ERROR    | __main__:start_scheduled_crawler:109 - Scheduled crawler error: module 'pytz' has no attribute 'timedelta'
2025-10-09 09:10:16 | ERROR    | __main__:start_scheduled_crawler:109 - Scheduled crawler error: module 'pytz' has no attribute 'timedelta'
2025-10-09 09:15:16 | ERROR    | __main__:start_scheduled_crawler:109 - Scheduled crawler error: module 'pytz' has no attribute 'timedelta'
2025-10-09 09:20:16 | ERROR    | __main__:start_scheduled_crawler:109 - Scheduled crawler error: module 'pytz' has no attribute 'timedelta'
2025-10-09 09:25:16 | ERROR    | __main__:start_scheduled_crawler:109 - Scheduled crawler error: module 'pytz' has no attribute 'timedelta'
2025-10-09 09:30:16 | ERROR    | __main__:start_scheduled_crawler:109 - Scheduled crawler error: module 'pytz' has no attribute 'timedelta'
2025-10-09 09:35:16 | ERROR    | __main__:start_scheduled_crawler:109 - Scheduled crawler error: module 'pytz' has no attribute 'timedelta'
2025-10-09 09:40:16 | ERROR    | __main__:start_scheduled_crawler:109 - Scheduled crawler error: module 'pytz' has no attribute 'timedelta'
2025-10-09 09:45:16 | ERROR    | __main__:start_scheduled_crawler:109 - Scheduled crawler error: module 'pytz' has no attribute 'timedelta'
2025-10-09 09:50:16 | ERROR    | __main__:start_scheduled_crawler:109 - Scheduled crawler error: module 'pytz' has no attribute 'timedelta'
2025-10-09 09:55:16 | ERROR    | __main__:start_scheduled_crawler:109 - Scheduled crawler error: module 'pytz' has no attribute 'timedelta'
2025-10-09 10:00:16 | ERROR    | __main__:start_scheduled_crawler:109 - Scheduled crawler error: module 'pytz' has no attribute 'timedelta'
2025-10-09 10:05:16 | ERROR    | __main__:start_scheduled_crawler:109 - Scheduled crawler error: module 'pytz' has no attribute 'timedelta'
2025-10-09 10:10:16 | ERROR    | __main__:start_scheduled_crawler:109 - Scheduled crawler error: module 'pytz' has no attribute 'timedelta'
2025-10-09 10:15:16 | ERROR    | __main__:start_scheduled_crawler:109 - Scheduled crawler error: module 'pytz' has no attribute 'timedelta'
2025-10-09 10:16:10 | INFO     | __main__:initialize:30 - Initializing PTT Stock Crawler...
2025-10-09 10:16:10 | INFO     | __main__:initialize:34 - Database tables created/verified
2025-10-09 10:16:10 | INFO     | __main__:initialize:41 - Application initialized successfully
2025-10-09 10:16:10 | INFO     | __main__:start_scheduled_crawler:68 - Starting scheduled crawler service (daily at 8:00 AM Taiwan time)...
2025-10-09 10:16:10 | INFO     | __main__:start_scheduled_crawler:91 - Next crawl scheduled at 2025-10-10 08:00:00 Taiwan time (in 21.7 hours)
2025-10-09 10:20:16 | ERROR    | __main__:start_scheduled_crawler:109 - Scheduled crawler error: module 'pytz' has no attribute 'timedelta'
